

<!DOCTYPE html>
<html>
<head>
<meta charset="UTF-8">
<meta name="viewport" content="width=device-width, initial-scale=1, shrink-to-fit=no">
<title>Extent Report</title>
<link rel="apple-touch-icon" href="https://cdn.jsdelivr.net/gh/extent-framework/extent-github-cdn@b00a2d0486596e73dd7326beacf352c639623a0e/commons/img/logo.png">
<link rel="shortcut icon" href="https://cdn.jsdelivr.net/gh/extent-framework/extent-github-cdn@b00a2d0486596e73dd7326beacf352c639623a0e/commons/img/logo.png">
<link href="https://cdn.jsdelivr.net/gh/extent-framework/extent-github-cdn@d6562a79075e061305ccfdb82f01e5e195e2d307/spark/css/spark-style.css" rel="stylesheet" />
<link href="https://stackpath.bootstrapcdn.com/font-awesome/4.7.0/css/font-awesome.min.css" rel="stylesheet">
<script src="https://cdn.jsdelivr.net/gh/extent-framework/extent-github-cdn@7cc78ce/spark/js/jsontree.js"></script>
<style type="text/css"></style></head><body class="spa bdd-report dark">
  <div class="app">
    <div class="layout">
<div class="header navbar">
<div class="vheader">
<div class="nav-logo">
<a href="#">
<div class="logo" style="background-image: url('https://cdn.jsdelivr.net/gh/extent-framework/extent-github-cdn@b00a2d0486596e73dd7326beacf352c639623a0e/commons/img/logo.png')"></div>
</a>
</div>
<ul class="nav-left">
<li class="search-box">
<a class="search-toggle" href="#">
<i class="search-icon fa fa-search"></i>
<i class="search-icon-close fa fa-close"></i>
</a>
</li>
<li class="search-input"><input id="search-tests" class="form-control" type="text" placeholder="Search..."></li>
</ul>
<ul class="nav-right">
<li class="m-r-10">
<a href="#"><span class="badge badge-primary">Nopcommerce Report</span></a>
</li>
<li class="m-r-10">
<a href="#"><span class="badge badge-primary">Dec. 19, 2023 06:31:21 p.m.</span></a>
</li>
</ul>
</div>
</div><div class="side-nav">
<div class="side-nav-inner">
<ul class="side-nav-menu">
<li class="nav-item dropdown" onclick="toggleView('dashboard-view')">
<a id="nav-dashboard" class="dropdown-toggle" href="#">
<span class="ico"><i class="fa fa-bar-chart"></i></span>
</a>
</li>
<li class="nav-item dropdown" onclick="toggleView('test-view')">
<a id="nav-test" class="dropdown-toggle" href="#">
<span class="ico"><i class="fa fa-list"></i></span>
</a>
</li>
<li class="nav-item dropdown" onclick="toggleView('category-view')">
<a id="nav-category" class="dropdown-toggle" href="#">
<span class="ico"><i class="fa fa-tag"></i></span>
</a>
</li>
<li class="nav-item dropdown" onclick="toggleView('exception-view')">
<a id="nav-exception" class="dropdown-toggle" href="#">
<span class="ico"><i class="fa fa-bug"></i></span>
</a>
</li>
</ul>
</div>
</div>      <div class="vcontainer">
        <div class="main-content">
<div class="container-fluid p-4 view dashboard-view">
<div class="row">
<div class="col-md-3">
<div class="card"><div class="card-body">
<p class="m-b-0">Started</p>
<h3>Dec. 19, 2023 06:31:21 p.m.</h3>
</div></div>
</div>
<div class="col-md-3">
<div class="card"><div class="card-body">
<p class="m-b-0">Ended</p>
<h3>Dec. 19, 2023 06:31:33 p.m.</h3>
</div></div>
</div>
<div class="col-md-3">
<div class="card"><div class="card-body">
<p class="m-b-0 text-pass">Features Passed</p>
<h3>0</h3>
</div></div>
</div>
<div class="col-md-3">
<div class="card"><div class="card-body">
<p class="m-b-0 text-fail">Features Failed</p>
<h3>5</h3>
</div></div>
</div>
</div>
<div class="row">
<div class="col-md-4">
<div class="card">
<div class="card-header">
<h6 class="card-title">Features</h6>
</div>
<div class="card-body">
<div class="">
<canvas id='parent-analysis' width='115' height='90'></canvas>
</div>
</div>
<div class="card-footer">
<div><small data-tooltip='0%'>
<b>0</b> features passed
</small>
</div>
<div>
<small data-tooltip='100%'><b>5</b> features failed,
<b>0</b> skipped, <b data-tooltip='0%'>0</b> others
</small>
</div>
</div>
</div>
</div>
<div class="col-md-4">
<div class="card">
<div class="card-header">
<h6 class="card-title">Scenarios</h6>
</div>
<div class="card-body">
<div class="">
<canvas id='child-analysis' width='115' height='90'></canvas>
</div>
</div>
<div class="card-footer">
<div><small data-tooltip='0%'><b>0</b> scenarios passed</small></div>
<div>
<small data-tooltip='100%'><b>10</b> scenarios failed,
<b>0</b> skipped, <b data-tooltip='%'>0</b> others
</small>
</div>
</div>
</div>
</div>
<div class="col-md-4">
<div class="card">
<div class="card-header">
<h6 class="card-title">Steps</h6>
</div>
<div class="card-body">
<div class="">
<canvas id='grandchild-analysis' width='115' height='90'></canvas>
</div>
</div>
<div class="card-footer">
<div><small data-tooltip='10%'><b>10</b> steps passed</small></div>
<div>
<small data-tooltip='10%'><b>10</b> steps failed,
<b>79</b> skipped, <b data-tooltip='%'>0</b> others
</small>
</div>
</div>
</div>
</div>
</div>
<div class="row"><div class="col-md-12">
<div class="card"><div class="card-header"><p>Timeline</p></div>
<div class="card-body pt-0"><div>
<canvas id="timeline" height="120"></canvas>
</div></div>
</div>
</div></div>
<script>
var timeline = {
"verifyProductsPriceDisplayHighToLowSuccessfully":1.772,"verifyProductArrangeInAlphaBaticalOrder":1.096,"verifyThatUserPlaceOrderSuccessfully":1.161,"My Account Test":4.671,"Top menu Test":3.36
};
</script>
<div class="row">
<div class="col-lg-6 col-md-12 category-container">
<div class="card">
<div class="card-header"><p>Tags</p></div>
<div class="card-body pb-0 pt-0"><table class="table table-sm table-bordered">
<thead><tr class="bg-gray"><th>Name</th><th>Passed</th><th>Failed</th><th>Skipped</th><th>Others</th><th>Passed %</th></tr></thead><tbody>
<tr>
<td>@author_Darshil</td>
<td>0</td>
<td>3</td>
<td>0</td>
<td>0</td>
<td>0%</td>
</tr>
<tr>
<td>@sanity</td>
<td>0</td>
<td>3</td>
<td>0</td>
<td>0</td>
<td>0%</td>
</tr>
<tr>
<td>@regression</td>
<td>0</td>
<td>6</td>
<td>0</td>
<td>0</td>
<td>0%</td>
</tr>
<tr>
<td>@smoke</td>
<td>0</td>
<td>4</td>
<td>0</td>
<td>0</td>
<td>0%</td>
</tr>
</tbody>
</table></div>
</div>
</div>
<div class="col-lg-6 col-md-12 sysenv-container">
<div class="card">
<div class="card-header"><p>System/Environment</p></div>
<div class="card-body pb-0 pt-0"><table class="table table-sm table-bordered">
<thead><tr class="bg-gray"><th>Name</th><th>Value</th></tr></thead>
<tbody>
<tr>
<td>Engineer</td>
<td>Darshil</td>
</tr>
<tr>
<td>Project</td>
<td>tutorialsninja</td>
</tr>
<tr>
<td>os</td>
<td>Windows</td>
</tr>
</tbody>
</table></div>
</div>
</div>
</div>
</div>
<script>
var statusGroup = {
parentCount: 5,
passParent: 0,
failParent: 5,
warningParent: 0,
skipParent: 0,
childCount: 5,
passChild: 0,
failChild: 10,
warningChild: 0,
skipChild: 0,
infoChild: 0,
grandChildCount: 5,
passGrandChild: 10,
failGrandChild: 10,
warningGrandChild: 0,
skipGrandChild: 79,
infoGrandChild: 0,
eventsCount: 5,
};
</script><div class="test-wrapper row view test-view">
  <div class="test-list">
    <div class="test-list-tools">
<ul class="tools pull-left">
<li><a href="#"><span class="font-size-14">Tests</span></a></li>
</ul>
<ul class="tools text-right">
<li class="dropdown">
<a href="#" class="dropdown-toggle" data-toggle="dropdown"><i class="fa fa-exclamation-circle"></i></a>
<ul id="status-toggle" class="dropdown-menu dropdown-md p-v-0">
<a class="dropdown-item" status="fail" href="#"><span>Fail</span><span class="status danger"></span></a>
<div class="dropdown-divider"></div>
<a status="clear" class="dropdown-item" href="#"><span>Clear</span><span class="pull-right"><i class="fa fa-close"></i></span></a>
</ul>
</li>
<li class="dropdown">
<a href="#" class="dropdown-toggle" data-toggle="dropdown"><i class="fa fa-tag"></i></a>
<ul id="tag-toggle" class="dropdown-menu dropdown-md p-v-0">
<a class="dropdown-item" href="#">@author_Darshil</a><a class="dropdown-item" href="#">@sanity</a><a class="dropdown-item" href="#">@regression</a><a class="dropdown-item" href="#">@smoke</a>
</ul>
</li>
</ul>
</div>    <div class="test-list-wrapper scrollable">
      <ul class="test-list-item">
        <li class="test-item"  status="fail" test-id="1"
          author=""
          tag=""
          device="">
          <div class="test-detail">
            <p class="name">verifyProductsPriceDisplayHighToLowSuccessfully</p>
            <p class="text-sm">
              <span>6:31:21 p.m.</span> / <span>00:00:01:772</span>
              <span class="badge fail-bg log float-right">Fail</span>
            </p>
          </div>
          <div class="test-contents d-none">
<div class="detail-head">
<div class="p-v-10">
<div class="info">
<h5 class="test-status text-fail">verifyProductsPriceDisplayHighToLowSuccessfully</h5>
<span class='badge badge-success'>12.19.2023 6:31:21 p.m.</span>
<span class='badge badge-danger'>12.19.2023 6:31:23 p.m.</span>
<span class='badge badge-default'>00:00:01:772</span>
&middot; <span class='uri-anchor badge badge-default'>#test-id=1</span>
<span class='badge badge-default pointer float-right ml-1 et'><i class="fa fa-chevron-down"></i></span>
<span class='badge badge-default pointer float-right ct'><i class="fa fa-chevron-up"></i></span>
</div>
<div class="m-t-10 m-l-5"></div>
</div>
</div>
<div class="accordion mt-4">
  <div class="card">
    <div class="card-header" role="tab">
      <div class="card-title">
        <div class="node" id="2"><span class="badge log fail-bg mr-2">Fail</span>verifyProductsPriceDisplayHighToLowSuccessfully</div>
          <div class="status-avatar float-right mr-4">
            <i class="fa fa-paperclip"></i>
          </div>
      </div>
    </div>
        <div class="">
          <div class="card-body">
              <div class="step fail-bg" title="BEFORE">
                <span>com.tutorialsninja.steps.Hooks.setUp()</span>
      <div>
        <textarea disabled class="code-block">org.openqa.selenium.WebDriverException: unknown error: net::ERR_INTERNET_DISCONNECTED
  (Session info: chrome=120.0.6099.110)
Build info: version: '4.15.0', revision: '1d14b5521b'
System info: os.name: 'Windows 11', os.arch: 'amd64', os.version: '10.0', java.version: '17.0.8'
Driver info: org.openqa.selenium.chrome.ChromeDriver
Command: [1c161eaf442c928674d4d7f64519f725, get {url=http://tutorialsninja.com/demo/index.php?}]
Capabilities {acceptInsecureCerts: false, browserName: chrome, browserVersion: 120.0.6099.110, chrome: {chromedriverVersion: 120.0.6099.71 (9729082fe617..., userDataDir: C:\Users\Darshil\AppData\Lo...}, fedcm:accounts: true, goog:chromeOptions: {debuggerAddress: localhost:52321}, networkConnectionEnabled: false, pageLoadStrategy: normal, platformName: windows, proxy: Proxy(), se:cdp: ws://localhost:52321/devtoo..., se:cdpVersion: 120.0.6099.110, setWindowRect: true, strictFileInteractability: false, timeouts: {implicit: 0, pageLoad: 300000, script: 30000}, unhandledPromptBehavior: dismiss and notify, webauthn:extension:credBlob: true, webauthn:extension:largeBlob: true, webauthn:extension:minPinLength: true, webauthn:extension:prf: true, webauthn:virtualAuthenticators: true}
Session ID: 1c161eaf442c928674d4d7f64519f725
	at java.base/jdk.internal.reflect.NativeConstructorAccessorImpl.newInstance0(Native Method)
	at java.base/jdk.internal.reflect.NativeConstructorAccessorImpl.newInstance(NativeConstructorAccessorImpl.java:77)
	at java.base/jdk.internal.reflect.DelegatingConstructorAccessorImpl.newInstance(DelegatingConstructorAccessorImpl.java:45)
	at java.base/java.lang.reflect.Constructor.newInstanceWithCaller(Constructor.java:499)
	at java.base/java.lang.reflect.Constructor.newInstance(Constructor.java:480)
	at org.openqa.selenium.remote.codec.w3c.W3CHttpResponseCodec.createException(W3CHttpResponseCodec.java:200)
	at org.openqa.selenium.remote.codec.w3c.W3CHttpResponseCodec.decode(W3CHttpResponseCodec.java:133)
	at org.openqa.selenium.remote.codec.w3c.W3CHttpResponseCodec.decode(W3CHttpResponseCodec.java:52)
	at org.openqa.selenium.remote.HttpCommandExecutor.execute(HttpCommandExecutor.java:191)
	at org.openqa.selenium.remote.service.DriverCommandExecutor.invokeExecute(DriverCommandExecutor.java:200)
	at org.openqa.selenium.remote.service.DriverCommandExecutor.execute(DriverCommandExecutor.java:175)
	at org.openqa.selenium.remote.RemoteWebDriver.execute(RemoteWebDriver.java:607)
	at org.openqa.selenium.remote.RemoteWebDriver.get(RemoteWebDriver.java:309)
	at com.tutorialsninja.browserfactory.ManageBrowser.selectBrowser(ManageBrowser.java:46)
	at com.tutorialsninja.steps.Hooks.setUp(Hooks.java:13)
</textarea>
      
      </div>
              </div>
              <div class="step skip-bg" title="com.tutorialsninja.steps.DesktopsTest.mouseHoverTabAndClick(java.lang.String)">
                <span>Given Mouse hover "Laptops & Notebooks" Tab and click</span>
      <div>Step skipped
      </div>
              </div>
              <div class="step skip-bg" title="com.tutorialsninja.steps.DesktopsTest.clickOnThe(java.lang.String)">
                <span>When Click on the "Show AllLaptops & Notebooks"</span>
      <div>Step skipped
      </div>
              </div>
              <div class="step skip-bg" title="com.tutorialsninja.steps.DesktopsTest.selectSortBy(java.lang.String)">
                <span>And Select Sort By "Price (High > Low)"</span>
      <div>Step skipped
      </div>
              </div>
              <div class="step skip-bg" title="com.tutorialsninja.steps.DesktopsTest.verifyTheProductPriceWillArrangeInHighToLowOrder()">
                <span>Then Verify the Product price will arrange in High to Low order</span>
      <div>Step skipped
      </div>
              </div>
              <div class="step pass-bg" title="AFTER">
                <span>com.tutorialsninja.steps.Hooks.tearDown(io.cucumber.java.Scenario)</span>
      <div>verifyProductsPriceDisplayHighToLowSuccessfully
          <div class="row mb-3"><div class="col-md-3">
<img data-featherlight='../screenshots/embedded1.png' src="../screenshots/embedded1.png">
    
    </div></div>
</div>
      <div>
      </div>
              </div>
          </div>
        </div>
  </div>
</div>
          </div>
        </li>
        <li class="test-item"  status="fail" test-id="9"
          author=""
          tag=""
          device="">
          <div class="test-detail">
            <p class="name">verifyProductArrangeInAlphaBaticalOrder</p>
            <p class="text-sm">
              <span>6:31:23 p.m.</span> / <span>00:00:01:096</span>
              <span class="badge fail-bg log float-right">Fail</span>
            </p>
          </div>
          <div class="test-contents d-none">
<div class="detail-head">
<div class="p-v-10">
<div class="info">
<h5 class="test-status text-fail">verifyProductArrangeInAlphaBaticalOrder</h5>
<span class='badge badge-success'>12.19.2023 6:31:23 p.m.</span>
<span class='badge badge-danger'>12.19.2023 6:31:24 p.m.</span>
<span class='badge badge-default'>00:00:01:096</span>
&middot; <span class='uri-anchor badge badge-default'>#test-id=9</span>
<span class='badge badge-default pointer float-right ml-1 et'><i class="fa fa-chevron-down"></i></span>
<span class='badge badge-default pointer float-right ct'><i class="fa fa-chevron-up"></i></span>
</div>
<div class="m-t-10 m-l-5"></div>
</div>
</div>
<div class="accordion mt-4">
  <div class="card">
    <div class="card-header" role="tab">
      <div class="card-title">
        <div class="node" id="10"><span class="badge log fail-bg mr-2">Fail</span>verify Product Arrange In AlphaBatical Order</div>
          <div class="status-avatar float-right mr-4">
            <i class="fa fa-paperclip"></i>
          </div>
      </div>
    </div>
        <div class="">
          <div class="card-body">
              <div class="step fail-bg" title="BEFORE">
                <span>com.tutorialsninja.steps.Hooks.setUp()</span>
      <div>
        <textarea disabled class="code-block">org.openqa.selenium.WebDriverException: unknown error: net::ERR_INTERNET_DISCONNECTED
  (Session info: chrome=120.0.6099.110)
Build info: version: '4.15.0', revision: '1d14b5521b'
System info: os.name: 'Windows 11', os.arch: 'amd64', os.version: '10.0', java.version: '17.0.8'
Driver info: org.openqa.selenium.chrome.ChromeDriver
Command: [e6c8168899f901f8561cc50960192131, get {url=http://tutorialsninja.com/demo/index.php?}]
Capabilities {acceptInsecureCerts: false, browserName: chrome, browserVersion: 120.0.6099.110, chrome: {chromedriverVersion: 120.0.6099.71 (9729082fe617..., userDataDir: C:\Users\Darshil\AppData\Lo...}, fedcm:accounts: true, goog:chromeOptions: {debuggerAddress: localhost:52333}, networkConnectionEnabled: false, pageLoadStrategy: normal, platformName: windows, proxy: Proxy(), se:cdp: ws://localhost:52333/devtoo..., se:cdpVersion: 120.0.6099.110, setWindowRect: true, strictFileInteractability: false, timeouts: {implicit: 0, pageLoad: 300000, script: 30000}, unhandledPromptBehavior: dismiss and notify, webauthn:extension:credBlob: true, webauthn:extension:largeBlob: true, webauthn:extension:minPinLength: true, webauthn:extension:prf: true, webauthn:virtualAuthenticators: true}
Session ID: e6c8168899f901f8561cc50960192131
	at java.base/jdk.internal.reflect.NativeConstructorAccessorImpl.newInstance0(Native Method)
	at java.base/jdk.internal.reflect.NativeConstructorAccessorImpl.newInstance(NativeConstructorAccessorImpl.java:77)
	at java.base/jdk.internal.reflect.DelegatingConstructorAccessorImpl.newInstance(DelegatingConstructorAccessorImpl.java:45)
	at java.base/java.lang.reflect.Constructor.newInstanceWithCaller(Constructor.java:499)
	at java.base/java.lang.reflect.Constructor.newInstance(Constructor.java:480)
	at org.openqa.selenium.remote.codec.w3c.W3CHttpResponseCodec.createException(W3CHttpResponseCodec.java:200)
	at org.openqa.selenium.remote.codec.w3c.W3CHttpResponseCodec.decode(W3CHttpResponseCodec.java:133)
	at org.openqa.selenium.remote.codec.w3c.W3CHttpResponseCodec.decode(W3CHttpResponseCodec.java:52)
	at org.openqa.selenium.remote.HttpCommandExecutor.execute(HttpCommandExecutor.java:191)
	at org.openqa.selenium.remote.service.DriverCommandExecutor.invokeExecute(DriverCommandExecutor.java:200)
	at org.openqa.selenium.remote.service.DriverCommandExecutor.execute(DriverCommandExecutor.java:175)
	at org.openqa.selenium.remote.RemoteWebDriver.execute(RemoteWebDriver.java:607)
	at org.openqa.selenium.remote.RemoteWebDriver.get(RemoteWebDriver.java:309)
	at com.tutorialsninja.browserfactory.ManageBrowser.selectBrowser(ManageBrowser.java:46)
	at com.tutorialsninja.steps.Hooks.setUp(Hooks.java:13)
</textarea>
      
      </div>
              </div>
              <div class="step skip-bg" title="com.tutorialsninja.steps.LaptopAndNotebooksTest.iAmOnDesktopsPage()">
                <span>Given I am on Desktops page</span>
      <div>Step skipped
      </div>
              </div>
              <div class="step skip-bg" title="com.tutorialsninja.steps.LaptopAndNotebooksTest.mouseHoverOnTabAndClick(java.lang.String)">
                <span>When Mouse hover on "Desktops" Tab and click</span>
      <div>Step skipped
      </div>
              </div>
              <div class="step skip-bg" title="com.tutorialsninja.steps.LaptopAndNotebooksTest.clickOn(java.lang.String)">
                <span>And Click on "Show AllDesktops"</span>
      <div>Step skipped
      </div>
              </div>
              <div class="step skip-bg" title="com.tutorialsninja.steps.LaptopAndNotebooksTest.selectSortByPosition(java.lang.String)">
                <span>And Select Sort By position "Name (Z - A)"</span>
      <div>Step skipped
      </div>
              </div>
              <div class="step skip-bg" title="com.tutorialsninja.steps.LaptopAndNotebooksTest.verifyTheProductWillArrangeInDescendingOrder()">
                <span>Then Verify the Product will arrange in Descending order</span>
      <div>Step skipped
      </div>
              </div>
              <div class="step pass-bg" title="AFTER">
                <span>com.tutorialsninja.steps.Hooks.tearDown(io.cucumber.java.Scenario)</span>
      <div>verify Product Arrange In AlphaBatical Order
          <div class="row mb-3"><div class="col-md-3">
<img data-featherlight='../screenshots/embedded2.png' src="../screenshots/embedded2.png">
    
    </div></div>
</div>
      <div>
      </div>
              </div>
          </div>
        </div>
  </div>
</div>
          </div>
        </li>
        <li class="test-item"  status="fail" test-id="18"
          author=""
          tag=""
          device="">
          <div class="test-detail">
            <p class="name">verifyThatUserPlaceOrderSuccessfully</p>
            <p class="text-sm">
              <span>6:31:24 p.m.</span> / <span>00:00:01:161</span>
              <span class="badge fail-bg log float-right">Fail</span>
            </p>
          </div>
          <div class="test-contents d-none">
<div class="detail-head">
<div class="p-v-10">
<div class="info">
<h5 class="test-status text-fail">verifyThatUserPlaceOrderSuccessfully</h5>
<span class='badge badge-success'>12.19.2023 6:31:24 p.m.</span>
<span class='badge badge-danger'>12.19.2023 6:31:25 p.m.</span>
<span class='badge badge-default'>00:00:01:161</span>
&middot; <span class='uri-anchor badge badge-default'>#test-id=18</span>
<span class='badge badge-default pointer float-right ml-1 et'><i class="fa fa-chevron-down"></i></span>
<span class='badge badge-default pointer float-right ct'><i class="fa fa-chevron-up"></i></span>
</div>
<div class="m-t-10 m-l-5"></div>
</div>
</div>
<div class="accordion mt-4">
  <div class="card">
    <div class="card-header" role="tab">
      <div class="card-title">
        <div class="node" id="19"><span class="badge log fail-bg mr-2">Fail</span>verifyThatUserPlaceOrderSuccessfully</div>
          <div class="status-avatar float-right mr-4">
            <i class="fa fa-paperclip"></i>
          </div>
      </div>
    </div>
        <div class="">
          <div class="card-body">
              <div class="step fail-bg" title="BEFORE">
                <span>com.tutorialsninja.steps.Hooks.setUp()</span>
      <div>
        <textarea disabled class="code-block">org.openqa.selenium.WebDriverException: unknown error: net::ERR_INTERNET_DISCONNECTED
  (Session info: chrome=120.0.6099.110)
Build info: version: '4.15.0', revision: '1d14b5521b'
System info: os.name: 'Windows 11', os.arch: 'amd64', os.version: '10.0', java.version: '17.0.8'
Driver info: org.openqa.selenium.chrome.ChromeDriver
Command: [09dd487d911c1cb5f0507ad3ce32092f, get {url=http://tutorialsninja.com/demo/index.php?}]
Capabilities {acceptInsecureCerts: false, browserName: chrome, browserVersion: 120.0.6099.110, chrome: {chromedriverVersion: 120.0.6099.71 (9729082fe617..., userDataDir: C:\Users\Darshil\AppData\Lo...}, fedcm:accounts: true, goog:chromeOptions: {debuggerAddress: localhost:52346}, networkConnectionEnabled: false, pageLoadStrategy: normal, platformName: windows, proxy: Proxy(), se:cdp: ws://localhost:52346/devtoo..., se:cdpVersion: 120.0.6099.110, setWindowRect: true, strictFileInteractability: false, timeouts: {implicit: 0, pageLoad: 300000, script: 30000}, unhandledPromptBehavior: dismiss and notify, webauthn:extension:credBlob: true, webauthn:extension:largeBlob: true, webauthn:extension:minPinLength: true, webauthn:extension:prf: true, webauthn:virtualAuthenticators: true}
Session ID: 09dd487d911c1cb5f0507ad3ce32092f
	at java.base/jdk.internal.reflect.NativeConstructorAccessorImpl.newInstance0(Native Method)
	at java.base/jdk.internal.reflect.NativeConstructorAccessorImpl.newInstance(NativeConstructorAccessorImpl.java:77)
	at java.base/jdk.internal.reflect.DelegatingConstructorAccessorImpl.newInstance(DelegatingConstructorAccessorImpl.java:45)
	at java.base/java.lang.reflect.Constructor.newInstanceWithCaller(Constructor.java:499)
	at java.base/java.lang.reflect.Constructor.newInstance(Constructor.java:480)
	at org.openqa.selenium.remote.codec.w3c.W3CHttpResponseCodec.createException(W3CHttpResponseCodec.java:200)
	at org.openqa.selenium.remote.codec.w3c.W3CHttpResponseCodec.decode(W3CHttpResponseCodec.java:133)
	at org.openqa.selenium.remote.codec.w3c.W3CHttpResponseCodec.decode(W3CHttpResponseCodec.java:52)
	at org.openqa.selenium.remote.HttpCommandExecutor.execute(HttpCommandExecutor.java:191)
	at org.openqa.selenium.remote.service.DriverCommandExecutor.invokeExecute(DriverCommandExecutor.java:200)
	at org.openqa.selenium.remote.service.DriverCommandExecutor.execute(DriverCommandExecutor.java:175)
	at org.openqa.selenium.remote.RemoteWebDriver.execute(RemoteWebDriver.java:607)
	at org.openqa.selenium.remote.RemoteWebDriver.get(RemoteWebDriver.java:309)
	at com.tutorialsninja.browserfactory.ManageBrowser.selectBrowser(ManageBrowser.java:46)
	at com.tutorialsninja.steps.Hooks.setUp(Hooks.java:13)
</textarea>
      
      </div>
              </div>
              <div class="step skip-bg" title="com.tutorialsninja.steps.MacbookTest.mouseHoverTabAndClick(java.lang.String)">
                <span>Given Mouse hover"Laptops & Notebooks" Tab and click</span>
      <div>Step skipped
      </div>
              </div>
              <div class="step skip-bg" title="com.tutorialsninja.steps.MacbookTest.clickOnThe(java.lang.String)">
                <span>When Click on the"Show AllLaptops & Notebooks"</span>
      <div>Step skipped
      </div>
              </div>
              <div class="step skip-bg" title="com.tutorialsninja.steps.MacbookTest.selectSortBy(java.lang.String)">
                <span>And select Sort By "Price (High > Low)"</span>
      <div>Step skipped
      </div>
              </div>
              <div class="step skip-bg" title="com.tutorialsninja.steps.MacbookTest.selectProduct(java.lang.String)">
                <span>And Select Product "MacBook"</span>
      <div>Step skipped
      </div>
              </div>
              <div class="step skip-bg" title="com.tutorialsninja.steps.MacbookTest.verifyTheText(java.lang.String)">
                <span>And Verify the Text "MacBook"</span>
      <div>Step skipped
      </div>
              </div>
              <div class="step skip-bg" title="com.tutorialsninja.steps.MacbookTest.clickOnButton(java.lang.String)">
                <span>And Click on "Add To Cart" button</span>
      <div>Step skipped
      </div>
              </div>
              <div class="step skip-bg" title="com.tutorialsninja.steps.MacbookTest.verifyMessage(java.lang.String)">
                <span>And Verify message "Success: You have added MacBook to your shopping cart!"</span>
      <div>Step skipped
      </div>
              </div>
              <div class="step skip-bg" title="com.tutorialsninja.steps.MacbookTest.clickOnLinkDisplayIntoSuccessMessage(java.lang.String)">
                <span>And Click on link "shopping cart" display into success message</span>
      <div>Step skipped
      </div>
              </div>
              <div class="step skip-bg" title="com.tutorialsninja.steps.MacbookTest.verifyThe(java.lang.String)">
                <span>And Verify the "Shopping Cart"</span>
      <div>Step skipped
      </div>
              </div>
              <div class="step skip-bg" title="com.tutorialsninja.steps.MacbookTest.verifyTheProductName(java.lang.String)">
                <span>And Verify the Product-name "MacBook"</span>
      <div>Step skipped
      </div>
              </div>
              <div class="step skip-bg" title="com.tutorialsninja.steps.MacbookTest.changeQuantity(java.lang.String)">
                <span>And Change Quantity "2"</span>
      <div>Step skipped
      </div>
              </div>
              <div class="step skip-bg" title="com.tutorialsninja.steps.MacbookTest.clickTab(java.lang.String)">
                <span>And Click "Update" Tab</span>
      <div>Step skipped
      </div>
              </div>
              <div class="step skip-bg" title="com.tutorialsninja.steps.MacbookTest.verifyTheMessage(java.lang.String)">
                <span>And Verify the message "Success: You have modified your shopping cart!"</span>
      <div>Step skipped
      </div>
              </div>
              <div class="step skip-bg" title="com.tutorialsninja.steps.MacbookTest.clickButton(java.lang.String)">
                <span>And Click "Checkout" button</span>
      <div>Step skipped
      </div>
              </div>
              <div class="step skip-bg" title="com.tutorialsninja.steps.MacbookTest.verifyText(java.lang.String)">
                <span>And Verify "Checkout" text</span>
      <div>Step skipped
      </div>
              </div>
              <div class="step skip-bg" title="com.tutorialsninja.steps.MacbookTest.verifyTheTextForNewCustomer(java.lang.String)">
                <span>And Verify the "New Customer" text for new customer</span>
      <div>Step skipped
      </div>
              </div>
              <div class="step skip-bg" title="com.tutorialsninja.steps.MacbookTest.clickOnRadioButton(java.lang.String)">
                <span>And Click on "Guest Checkout" radio button</span>
      <div>Step skipped
      </div>
              </div>
              <div class="step skip-bg" title="com.tutorialsninja.steps.MacbookTest.clickOnTab(java.lang.String)">
                <span>And Click on "Continue" tab</span>
      <div>Step skipped
      </div>
              </div>
              <div class="step skip-bg" title="com.tutorialsninja.steps.MacbookTest.fillTheMandatoryFields()">
                <span>And Fill the mandatory fields</span>
      <div>Step skipped
      </div>
              </div>
              <div class="step skip-bg" title="com.tutorialsninja.steps.MacbookTest.clickButtonField(java.lang.String)">
                <span>And Click"Continue" Button field</span>
      <div>Step skipped
      </div>
              </div>
              <div class="step skip-bg" title="com.tutorialsninja.steps.MacbookTest.addCommentsAboutYourOrderIntoTextArea()">
                <span>And Add Comments About your order into text area</span>
      <div>Step skipped
      </div>
              </div>
              <div class="step skip-bg" title="com.tutorialsninja.steps.MacbookTest.checkTheTermsConditionsCheckBox()">
                <span>And Check the Terms & Conditions check box</span>
      <div>Step skipped
      </div>
              </div>
              <div class="step skip-bg" title="com.tutorialsninja.steps.MacbookTest.clickButtonFieldsAndClick(java.lang.String)">
                <span>And Click "Continue" button fields and click</span>
      <div>Step skipped
      </div>
              </div>
              <div class="step skip-bg" title="com.tutorialsninja.steps.MacbookTest.verify(java.lang.String)">
                <span>Then Verify "Warning: Payment method required!"</span>
      <div>Step skipped
      </div>
              </div>
              <div class="step pass-bg" title="AFTER">
                <span>com.tutorialsninja.steps.Hooks.tearDown(io.cucumber.java.Scenario)</span>
      <div>verifyThatUserPlaceOrderSuccessfully
          <div class="row mb-3"><div class="col-md-3">
<img data-featherlight='../screenshots/embedded3.png' src="../screenshots/embedded3.png">
    
    </div></div>
</div>
      <div>
      </div>
              </div>
          </div>
        </div>
  </div>
</div>
          </div>
        </li>
        <li class="test-item"  status="fail" test-id="46"
          author=""
          tag=""
          device="">
          <div class="test-detail">
            <p class="name">My Account Test</p>
            <p class="text-sm">
              <span>6:31:25 p.m.</span> / <span>00:00:04:671</span>
              <span class="badge fail-bg log float-right">Fail</span>
            </p>
          </div>
          <div class="test-contents d-none">
<div class="detail-head">
<div class="p-v-10">
<div class="info">
<h5 class="test-status text-fail">My Account Test</h5>
<span class='badge badge-success'>12.19.2023 6:31:25 p.m.</span>
<span class='badge badge-danger'>12.19.2023 6:31:30 p.m.</span>
<span class='badge badge-default'>00:00:04:671</span>
&middot; <span class='uri-anchor badge badge-default'>#test-id=46</span>
<span class='badge badge-default pointer float-right ml-1 et'><i class="fa fa-chevron-down"></i></span>
<span class='badge badge-default pointer float-right ct'><i class="fa fa-chevron-up"></i></span>
</div>
<div class="m-t-10 m-l-5"></div>
</div>
</div>
<div class="accordion mt-4">
  <div class="card">
    <div class="card-header" role="tab">
      <div class="card-title">
        <div class="node" id="47"><span class="badge log fail-bg mr-2">Fail</span>Verify User Should Navigate To Register Page Successfully</div>
          <div class="status-avatar float-right mr-4">
            <i class="fa fa-paperclip"></i>
          </div>
      </div>
    </div>
        <div class="">
          <div class="card-body">
              <div class="step fail-bg" title="BEFORE">
                <span>com.tutorialsninja.steps.Hooks.setUp()</span>
      <div>
        <textarea disabled class="code-block">org.openqa.selenium.WebDriverException: unknown error: net::ERR_INTERNET_DISCONNECTED
  (Session info: chrome=120.0.6099.110)
Build info: version: '4.15.0', revision: '1d14b5521b'
System info: os.name: 'Windows 11', os.arch: 'amd64', os.version: '10.0', java.version: '17.0.8'
Driver info: org.openqa.selenium.chrome.ChromeDriver
Command: [f202e865fcd180411a010bc1d8bc8f7b, get {url=http://tutorialsninja.com/demo/index.php?}]
Capabilities {acceptInsecureCerts: false, browserName: chrome, browserVersion: 120.0.6099.110, chrome: {chromedriverVersion: 120.0.6099.71 (9729082fe617..., userDataDir: C:\Users\Darshil\AppData\Lo...}, fedcm:accounts: true, goog:chromeOptions: {debuggerAddress: localhost:52358}, networkConnectionEnabled: false, pageLoadStrategy: normal, platformName: windows, proxy: Proxy(), se:cdp: ws://localhost:52358/devtoo..., se:cdpVersion: 120.0.6099.110, setWindowRect: true, strictFileInteractability: false, timeouts: {implicit: 0, pageLoad: 300000, script: 30000}, unhandledPromptBehavior: dismiss and notify, webauthn:extension:credBlob: true, webauthn:extension:largeBlob: true, webauthn:extension:minPinLength: true, webauthn:extension:prf: true, webauthn:virtualAuthenticators: true}
Session ID: f202e865fcd180411a010bc1d8bc8f7b
	at java.base/jdk.internal.reflect.NativeConstructorAccessorImpl.newInstance0(Native Method)
	at java.base/jdk.internal.reflect.NativeConstructorAccessorImpl.newInstance(NativeConstructorAccessorImpl.java:77)
	at java.base/jdk.internal.reflect.DelegatingConstructorAccessorImpl.newInstance(DelegatingConstructorAccessorImpl.java:45)
	at java.base/java.lang.reflect.Constructor.newInstanceWithCaller(Constructor.java:499)
	at java.base/java.lang.reflect.Constructor.newInstance(Constructor.java:480)
	at org.openqa.selenium.remote.codec.w3c.W3CHttpResponseCodec.createException(W3CHttpResponseCodec.java:200)
	at org.openqa.selenium.remote.codec.w3c.W3CHttpResponseCodec.decode(W3CHttpResponseCodec.java:133)
	at org.openqa.selenium.remote.codec.w3c.W3CHttpResponseCodec.decode(W3CHttpResponseCodec.java:52)
	at org.openqa.selenium.remote.HttpCommandExecutor.execute(HttpCommandExecutor.java:191)
	at org.openqa.selenium.remote.service.DriverCommandExecutor.invokeExecute(DriverCommandExecutor.java:200)
	at org.openqa.selenium.remote.service.DriverCommandExecutor.execute(DriverCommandExecutor.java:175)
	at org.openqa.selenium.remote.RemoteWebDriver.execute(RemoteWebDriver.java:607)
	at org.openqa.selenium.remote.RemoteWebDriver.get(RemoteWebDriver.java:309)
	at com.tutorialsninja.browserfactory.ManageBrowser.selectBrowser(ManageBrowser.java:46)
	at com.tutorialsninja.steps.Hooks.setUp(Hooks.java:13)
</textarea>
      
      </div>
              </div>
              <div class="step skip-bg" title="com.tutorialsninja.steps.MyAccountsTest.userIsOnHomePage()">
                <span>Given User is on HomePage</span>
      <div>Step skipped
      </div>
              </div>
              <div class="step skip-bg" title="com.tutorialsninja.steps.MyAccountsTest.clickOnMyAccountLink()">
                <span>When Click on My Account Link.</span>
      <div>Step skipped
      </div>
              </div>
              <div class="step skip-bg" title="com.tutorialsninja.steps.MyAccountsTest.callTheMethodSelectMyAccountOptionsMethodAndPassTheParameter(java.lang.String)">
                <span>And Call the method selectMyAccountOptions method and pass the parameter "Register"</span>
      <div>Step skipped
      </div>
              </div>
              <div class="step skip-bg" title="com.tutorialsninja.steps.MyAccountsTest.verifyTheTextAccount(java.lang.String)">
                <span>Then Verify the text Account "Register Account"</span>
      <div>Step skipped
      </div>
              </div>
              <div class="step pass-bg" title="AFTER">
                <span>com.tutorialsninja.steps.Hooks.tearDown(io.cucumber.java.Scenario)</span>
      <div>Verify User Should Navigate To Register Page Successfully
          <div class="row mb-3"><div class="col-md-3">
<img data-featherlight='../screenshots/embedded4.png' src="../screenshots/embedded4.png">
    
    </div></div>
</div>
      <div>
      </div>
              </div>
          </div>
        </div>
  </div>
  <div class="card">
    <div class="card-header" role="tab">
      <div class="card-title">
        <div class="node" id="54"><span class="badge log fail-bg mr-2">Fail</span>Verify User Should Navigate To LoginPage Successfully</div>
          <div class="status-avatar float-right mr-4">
            <i class="fa fa-paperclip"></i>
          </div>
      </div>
    </div>
        <div class="">
          <div class="card-body">
              <div class="step fail-bg" title="BEFORE">
                <span>com.tutorialsninja.steps.Hooks.setUp()</span>
      <div>
        <textarea disabled class="code-block">org.openqa.selenium.WebDriverException: unknown error: net::ERR_INTERNET_DISCONNECTED
  (Session info: chrome=120.0.6099.110)
Build info: version: '4.15.0', revision: '1d14b5521b'
System info: os.name: 'Windows 11', os.arch: 'amd64', os.version: '10.0', java.version: '17.0.8'
Driver info: org.openqa.selenium.chrome.ChromeDriver
Command: [695411284fda5ca8c7ce89fdd13fb5dc, get {url=http://tutorialsninja.com/demo/index.php?}]
Capabilities {acceptInsecureCerts: false, browserName: chrome, browserVersion: 120.0.6099.110, chrome: {chromedriverVersion: 120.0.6099.71 (9729082fe617..., userDataDir: C:\Users\Darshil\AppData\Lo...}, fedcm:accounts: true, goog:chromeOptions: {debuggerAddress: localhost:52370}, networkConnectionEnabled: false, pageLoadStrategy: normal, platformName: windows, proxy: Proxy(), se:cdp: ws://localhost:52370/devtoo..., se:cdpVersion: 120.0.6099.110, setWindowRect: true, strictFileInteractability: false, timeouts: {implicit: 0, pageLoad: 300000, script: 30000}, unhandledPromptBehavior: dismiss and notify, webauthn:extension:credBlob: true, webauthn:extension:largeBlob: true, webauthn:extension:minPinLength: true, webauthn:extension:prf: true, webauthn:virtualAuthenticators: true}
Session ID: 695411284fda5ca8c7ce89fdd13fb5dc
	at java.base/jdk.internal.reflect.NativeConstructorAccessorImpl.newInstance0(Native Method)
	at java.base/jdk.internal.reflect.NativeConstructorAccessorImpl.newInstance(NativeConstructorAccessorImpl.java:77)
	at java.base/jdk.internal.reflect.DelegatingConstructorAccessorImpl.newInstance(DelegatingConstructorAccessorImpl.java:45)
	at java.base/java.lang.reflect.Constructor.newInstanceWithCaller(Constructor.java:499)
	at java.base/java.lang.reflect.Constructor.newInstance(Constructor.java:480)
	at org.openqa.selenium.remote.codec.w3c.W3CHttpResponseCodec.createException(W3CHttpResponseCodec.java:200)
	at org.openqa.selenium.remote.codec.w3c.W3CHttpResponseCodec.decode(W3CHttpResponseCodec.java:133)
	at org.openqa.selenium.remote.codec.w3c.W3CHttpResponseCodec.decode(W3CHttpResponseCodec.java:52)
	at org.openqa.selenium.remote.HttpCommandExecutor.execute(HttpCommandExecutor.java:191)
	at org.openqa.selenium.remote.service.DriverCommandExecutor.invokeExecute(DriverCommandExecutor.java:200)
	at org.openqa.selenium.remote.service.DriverCommandExecutor.execute(DriverCommandExecutor.java:175)
	at org.openqa.selenium.remote.RemoteWebDriver.execute(RemoteWebDriver.java:607)
	at org.openqa.selenium.remote.RemoteWebDriver.get(RemoteWebDriver.java:309)
	at com.tutorialsninja.browserfactory.ManageBrowser.selectBrowser(ManageBrowser.java:46)
	at com.tutorialsninja.steps.Hooks.setUp(Hooks.java:13)
</textarea>
      
      </div>
              </div>
              <div class="step skip-bg" title="com.tutorialsninja.steps.MyAccountsTest.userIsOnHomePage()">
                <span>Given User is on HomePage</span>
      <div>Step skipped
      </div>
              </div>
              <div class="step skip-bg" title="com.tutorialsninja.steps.MyAccountsTest.clickOnMyAccountLink()">
                <span>When Click on My Account Link.</span>
      <div>Step skipped
      </div>
              </div>
              <div class="step skip-bg" title="com.tutorialsninja.steps.MyAccountsTest.callTheMethodSelectMyAccountOptionsMethodAndPassTheParameter(java.lang.String)">
                <span>And Call the method selectMyAccountOptions method and pass the parameter "Login"</span>
      <div>Step skipped
      </div>
              </div>
              <div class="step skip-bg" title="com.tutorialsninja.steps.MyAccountsTest.verifyTheTextAccount(java.lang.String)">
                <span>Then Verify the text Account "Returning Customer"</span>
      <div>Step skipped
      </div>
              </div>
              <div class="step pass-bg" title="AFTER">
                <span>com.tutorialsninja.steps.Hooks.tearDown(io.cucumber.java.Scenario)</span>
      <div>Verify User Should Navigate To LoginPage Successfully
          <div class="row mb-3"><div class="col-md-3">
<img data-featherlight='../screenshots/embedded5.png' src="../screenshots/embedded5.png">
    
    </div></div>
</div>
      <div>
      </div>
              </div>
          </div>
        </div>
  </div>
  <div class="card">
    <div class="card-header" role="tab">
      <div class="card-title">
        <div class="node" id="61"><span class="badge log fail-bg mr-2">Fail</span>Verify That User Register Account Successfully</div>
          <div class="status-avatar float-right mr-4">
            <i class="fa fa-paperclip"></i>
          </div>
      </div>
    </div>
        <div class="">
          <div class="card-body">
              <div class="step fail-bg" title="BEFORE">
                <span>com.tutorialsninja.steps.Hooks.setUp()</span>
      <div>
        <textarea disabled class="code-block">org.openqa.selenium.WebDriverException: unknown error: net::ERR_INTERNET_DISCONNECTED
  (Session info: chrome=120.0.6099.110)
Build info: version: '4.15.0', revision: '1d14b5521b'
System info: os.name: 'Windows 11', os.arch: 'amd64', os.version: '10.0', java.version: '17.0.8'
Driver info: org.openqa.selenium.chrome.ChromeDriver
Command: [686e08943c94f412f43e6d657453d441, get {url=http://tutorialsninja.com/demo/index.php?}]
Capabilities {acceptInsecureCerts: false, browserName: chrome, browserVersion: 120.0.6099.110, chrome: {chromedriverVersion: 120.0.6099.71 (9729082fe617..., userDataDir: C:\Users\Darshil\AppData\Lo...}, fedcm:accounts: true, goog:chromeOptions: {debuggerAddress: localhost:52382}, networkConnectionEnabled: false, pageLoadStrategy: normal, platformName: windows, proxy: Proxy(), se:cdp: ws://localhost:52382/devtoo..., se:cdpVersion: 120.0.6099.110, setWindowRect: true, strictFileInteractability: false, timeouts: {implicit: 0, pageLoad: 300000, script: 30000}, unhandledPromptBehavior: dismiss and notify, webauthn:extension:credBlob: true, webauthn:extension:largeBlob: true, webauthn:extension:minPinLength: true, webauthn:extension:prf: true, webauthn:virtualAuthenticators: true}
Session ID: 686e08943c94f412f43e6d657453d441
	at java.base/jdk.internal.reflect.NativeConstructorAccessorImpl.newInstance0(Native Method)
	at java.base/jdk.internal.reflect.NativeConstructorAccessorImpl.newInstance(NativeConstructorAccessorImpl.java:77)
	at java.base/jdk.internal.reflect.DelegatingConstructorAccessorImpl.newInstance(DelegatingConstructorAccessorImpl.java:45)
	at java.base/java.lang.reflect.Constructor.newInstanceWithCaller(Constructor.java:499)
	at java.base/java.lang.reflect.Constructor.newInstance(Constructor.java:480)
	at org.openqa.selenium.remote.codec.w3c.W3CHttpResponseCodec.createException(W3CHttpResponseCodec.java:200)
	at org.openqa.selenium.remote.codec.w3c.W3CHttpResponseCodec.decode(W3CHttpResponseCodec.java:133)
	at org.openqa.selenium.remote.codec.w3c.W3CHttpResponseCodec.decode(W3CHttpResponseCodec.java:52)
	at org.openqa.selenium.remote.HttpCommandExecutor.execute(HttpCommandExecutor.java:191)
	at org.openqa.selenium.remote.service.DriverCommandExecutor.invokeExecute(DriverCommandExecutor.java:200)
	at org.openqa.selenium.remote.service.DriverCommandExecutor.execute(DriverCommandExecutor.java:175)
	at org.openqa.selenium.remote.RemoteWebDriver.execute(RemoteWebDriver.java:607)
	at org.openqa.selenium.remote.RemoteWebDriver.get(RemoteWebDriver.java:309)
	at com.tutorialsninja.browserfactory.ManageBrowser.selectBrowser(ManageBrowser.java:46)
	at com.tutorialsninja.steps.Hooks.setUp(Hooks.java:13)
</textarea>
      
      </div>
              </div>
              <div class="step skip-bg" title="com.tutorialsninja.steps.MyAccountsTest.userIsOnHomePage()">
                <span>Given User is on HomePage</span>
      <div>Step skipped
      </div>
              </div>
              <div class="step skip-bg" title="com.tutorialsninja.steps.MyAccountsTest.clickOnMyAccountLink()">
                <span>When Click on My Account Link.</span>
      <div>Step skipped
      </div>
              </div>
              <div class="step skip-bg" title="com.tutorialsninja.steps.MyAccountsTest.callTheMethodSelectMyAccountOptionsMethodAndPassTheParameter(java.lang.String)">
                <span>And Call the method selectMyAccountOptions method and pass the parameter "Register"</span>
      <div>Step skipped
      </div>
              </div>
              <div class="step skip-bg" title="com.tutorialsninja.steps.MyAccountsTest.userEnterFirstName()">
                <span>And User enter First Name</span>
      <div>Step skipped
      </div>
              </div>
              <div class="step skip-bg" title="com.tutorialsninja.steps.MyAccountsTest.userEnterLastName()">
                <span>And User enter Last Name</span>
      <div>Step skipped
      </div>
              </div>
              <div class="step skip-bg" title="com.tutorialsninja.steps.MyAccountsTest.userEnterEmail()">
                <span>And User enter Email</span>
      <div>Step skipped
      </div>
              </div>
              <div class="step skip-bg" title="com.tutorialsninja.steps.MyAccountsTest.userEnterTelephone()">
                <span>And User enter Telephone</span>
      <div>Step skipped
      </div>
              </div>
              <div class="step skip-bg" title="com.tutorialsninja.steps.MyAccountsTest.userEnterPassword()">
                <span>And User enter Password</span>
      <div>Step skipped
      </div>
              </div>
              <div class="step skip-bg" title="com.tutorialsninja.steps.MyAccountsTest.userEnterConfirmPassword()">
                <span>And User enter Confirm Password</span>
      <div>Step skipped
      </div>
              </div>
              <div class="step skip-bg" title="com.tutorialsninja.steps.MyAccountsTest.userSelectSubscribeRadioButton(java.lang.String)">
                <span>And User select Subscribe "Yes" radio button</span>
      <div>Step skipped
      </div>
              </div>
              <div class="step skip-bg" title="com.tutorialsninja.steps.MyAccountsTest.userClickOnPrivacyPolicyCheckBox()">
                <span>And User click on Privacy Policy check box</span>
      <div>Step skipped
      </div>
              </div>
              <div class="step skip-bg" title="com.tutorialsninja.steps.MyAccountsTest.userClickOnContinueButtonForRegistration()">
                <span>And User click on Continue button for registration</span>
      <div>Step skipped
      </div>
              </div>
              <div class="step skip-bg" title="com.tutorialsninja.steps.MyAccountsTest.verifyThisText(java.lang.String)">
                <span>And Verify "Your Account Has Been Created!" this text</span>
      <div>Step skipped
      </div>
              </div>
              <div class="step skip-bg" title="com.tutorialsninja.steps.MyAccountsTest.userClickOnContinueButton()">
                <span>And User click on Continue button</span>
      <div>Step skipped
      </div>
              </div>
              <div class="step skip-bg" title="com.tutorialsninja.steps.MyAccountsTest.userClickOnMyAccountLink()">
                <span>And User click on My Account Link.</span>
      <div>Step skipped
      </div>
              </div>
              <div class="step skip-bg" title="com.tutorialsninja.steps.MyAccountsTest.callTheMethodSelectMyAccountOptionsMethodAndPassTheParameter(java.lang.String)">
                <span>And Call the method selectMyAccountOptions method and pass the parameter "Logout"</span>
      <div>Step skipped
      </div>
              </div>
              <div class="step skip-bg" title="com.tutorialsninja.steps.MyAccountsTest.verifyTheTextAfterLogout(java.lang.String)">
                <span>And Verify the text after logout "Account Logout"</span>
      <div>Step skipped
      </div>
              </div>
              <div class="step skip-bg" title="com.tutorialsninja.steps.MyAccountsTest.userClickOnContinueButton()">
                <span>And User click on Continue button</span>
      <div>Step skipped
      </div>
              </div>
              <div class="step pass-bg" title="AFTER">
                <span>com.tutorialsninja.steps.Hooks.tearDown(io.cucumber.java.Scenario)</span>
      <div>Verify That User Register Account Successfully
          <div class="row mb-3"><div class="col-md-3">
<img data-featherlight='../screenshots/embedded6.png' src="../screenshots/embedded6.png">
    
    </div></div>
</div>
      <div>
      </div>
              </div>
          </div>
        </div>
  </div>
  <div class="card">
    <div class="card-header" role="tab">
      <div class="card-title">
        <div class="node" id="82"><span class="badge log fail-bg mr-2">Fail</span>Verify That User Should Login And Logout</div>
          <div class="status-avatar float-right mr-4">
            <i class="fa fa-paperclip"></i>
          </div>
      </div>
    </div>
        <div class="">
          <div class="card-body">
              <div class="step fail-bg" title="BEFORE">
                <span>com.tutorialsninja.steps.Hooks.setUp()</span>
      <div>
        <textarea disabled class="code-block">org.openqa.selenium.WebDriverException: unknown error: net::ERR_INTERNET_DISCONNECTED
  (Session info: chrome=120.0.6099.110)
Build info: version: '4.15.0', revision: '1d14b5521b'
System info: os.name: 'Windows 11', os.arch: 'amd64', os.version: '10.0', java.version: '17.0.8'
Driver info: org.openqa.selenium.chrome.ChromeDriver
Command: [366a34628d22d1b918aadecc8220ce6c, get {url=http://tutorialsninja.com/demo/index.php?}]
Capabilities {acceptInsecureCerts: false, browserName: chrome, browserVersion: 120.0.6099.110, chrome: {chromedriverVersion: 120.0.6099.71 (9729082fe617..., userDataDir: C:\Users\Darshil\AppData\Lo...}, fedcm:accounts: true, goog:chromeOptions: {debuggerAddress: localhost:52394}, networkConnectionEnabled: false, pageLoadStrategy: normal, platformName: windows, proxy: Proxy(), se:cdp: ws://localhost:52394/devtoo..., se:cdpVersion: 120.0.6099.110, setWindowRect: true, strictFileInteractability: false, timeouts: {implicit: 0, pageLoad: 300000, script: 30000}, unhandledPromptBehavior: dismiss and notify, webauthn:extension:credBlob: true, webauthn:extension:largeBlob: true, webauthn:extension:minPinLength: true, webauthn:extension:prf: true, webauthn:virtualAuthenticators: true}
Session ID: 366a34628d22d1b918aadecc8220ce6c
	at java.base/jdk.internal.reflect.NativeConstructorAccessorImpl.newInstance0(Native Method)
	at java.base/jdk.internal.reflect.NativeConstructorAccessorImpl.newInstance(NativeConstructorAccessorImpl.java:77)
	at java.base/jdk.internal.reflect.DelegatingConstructorAccessorImpl.newInstance(DelegatingConstructorAccessorImpl.java:45)
	at java.base/java.lang.reflect.Constructor.newInstanceWithCaller(Constructor.java:499)
	at java.base/java.lang.reflect.Constructor.newInstance(Constructor.java:480)
	at org.openqa.selenium.remote.codec.w3c.W3CHttpResponseCodec.createException(W3CHttpResponseCodec.java:200)
	at org.openqa.selenium.remote.codec.w3c.W3CHttpResponseCodec.decode(W3CHttpResponseCodec.java:133)
	at org.openqa.selenium.remote.codec.w3c.W3CHttpResponseCodec.decode(W3CHttpResponseCodec.java:52)
	at org.openqa.selenium.remote.HttpCommandExecutor.execute(HttpCommandExecutor.java:191)
	at org.openqa.selenium.remote.service.DriverCommandExecutor.invokeExecute(DriverCommandExecutor.java:200)
	at org.openqa.selenium.remote.service.DriverCommandExecutor.execute(DriverCommandExecutor.java:175)
	at org.openqa.selenium.remote.RemoteWebDriver.execute(RemoteWebDriver.java:607)
	at org.openqa.selenium.remote.RemoteWebDriver.get(RemoteWebDriver.java:309)
	at com.tutorialsninja.browserfactory.ManageBrowser.selectBrowser(ManageBrowser.java:46)
	at com.tutorialsninja.steps.Hooks.setUp(Hooks.java:13)
</textarea>
      
      </div>
              </div>
              <div class="step skip-bg" title="com.tutorialsninja.steps.MyAccountsTest.userIsOnHomePage()">
                <span>Given User is on HomePage</span>
      <div>Step skipped
      </div>
              </div>
              <div class="step skip-bg" title="com.tutorialsninja.steps.MyAccountsTest.clickOnMyAccountLink()">
                <span>When Click on My Account Link.</span>
      <div>Step skipped
      </div>
              </div>
              <div class="step skip-bg" title="com.tutorialsninja.steps.MyAccountsTest.callTheMethodSelectMyAccountOptionsMethodAndPassTheParameter(java.lang.String)">
                <span>And Call the method selectMyAccountOptions method and pass the parameter "Login"</span>
      <div>Step skipped
      </div>
              </div>
              <div class="step skip-bg" title="com.tutorialsninja.steps.MyAccountsTest.userEnterEmailAddress(java.lang.String)">
                <span>And User Enter Email address "primeXAOI@gmail.com"</span>
      <div>Step skipped
      </div>
              </div>
              <div class="step skip-bg" title="com.tutorialsninja.steps.MyAccountsTest.userEnterPassword(java.lang.String)">
                <span>And User enter Password "test123"</span>
      <div>Step skipped
      </div>
              </div>
              <div class="step skip-bg" title="com.tutorialsninja.steps.MyAccountsTest.userClickOnLoginButton()">
                <span>And User Click on Login button</span>
      <div>Step skipped
      </div>
              </div>
              <div class="step skip-bg" title="com.tutorialsninja.steps.MyAccountsTest.verifyText(java.lang.String)">
                <span>And Verify text "My Account"</span>
      <div>Step skipped
      </div>
              </div>
              <div class="step skip-bg" title="com.tutorialsninja.steps.MyAccountsTest.userClickOnMyAccountLink()">
                <span>And User click on My Account Link.</span>
      <div>Step skipped
      </div>
              </div>
              <div class="step skip-bg" title="com.tutorialsninja.steps.MyAccountsTest.callTheMethodSelectMyAccountOptionsMethodAndPassTheParameter(java.lang.String)">
                <span>And Call the method selectMyAccountOptions method and pass the parameter "Logout"</span>
      <div>Step skipped
      </div>
              </div>
              <div class="step skip-bg" title="com.tutorialsninja.steps.MyAccountsTest.verifyTheTextAfterLogout(java.lang.String)">
                <span>And Verify the text after logout "Account Logout"</span>
      <div>Step skipped
      </div>
              </div>
              <div class="step skip-bg" title="com.tutorialsninja.steps.MyAccountsTest.userClickOnContinueButton()">
                <span>And User click on Continue button</span>
      <div>Step skipped
      </div>
              </div>
              <div class="step pass-bg" title="AFTER">
                <span>com.tutorialsninja.steps.Hooks.tearDown(io.cucumber.java.Scenario)</span>
      <div>Verify That User Should Login And Logout
          <div class="row mb-3"><div class="col-md-3">
<img data-featherlight='../screenshots/embedded7.png' src="../screenshots/embedded7.png">
    
    </div></div>
</div>
      <div>
      </div>
              </div>
          </div>
        </div>
  </div>
</div>
          </div>
        </li>
        <li class="test-item"  status="fail" test-id="96"
          author=""
          tag=""
          device="">
          <div class="test-detail">
            <p class="name">Top menu Test</p>
            <p class="text-sm">
              <span>6:31:30 p.m.</span> / <span>00:00:03:360</span>
              <span class="badge fail-bg log float-right">Fail</span>
            </p>
          </div>
          <div class="test-contents d-none">
<div class="detail-head">
<div class="p-v-10">
<div class="info">
<h5 class="test-status text-fail">Top menu Test</h5>
<span class='badge badge-success'>12.19.2023 6:31:30 p.m.</span>
<span class='badge badge-danger'>12.19.2023 6:31:33 p.m.</span>
<span class='badge badge-default'>00:00:03:360</span>
&middot; <span class='uri-anchor badge badge-default'>#test-id=96</span>
<span class='badge badge-default pointer float-right ml-1 et'><i class="fa fa-chevron-down"></i></span>
<span class='badge badge-default pointer float-right ct'><i class="fa fa-chevron-up"></i></span>
</div>
<div class="m-t-10 m-l-5"></div>
</div>
</div>
<div class="accordion mt-4">
  <div class="card">
    <div class="card-header" role="tab">
      <div class="card-title">
        <div class="node" id="97"><span class="badge log fail-bg mr-2">Fail</span>verifyUserShouldNavigateToDesktopsPageSuccessfully</div>
          <div class="status-avatar float-right mr-4">
            <i class="fa fa-paperclip"></i>
          </div>
      </div>
    </div>
        <div class="">
          <div class="card-body">
              <div class="step fail-bg" title="BEFORE">
                <span>com.tutorialsninja.steps.Hooks.setUp()</span>
      <div>
        <textarea disabled class="code-block">org.openqa.selenium.WebDriverException: unknown error: net::ERR_INTERNET_DISCONNECTED
  (Session info: chrome=120.0.6099.110)
Build info: version: '4.15.0', revision: '1d14b5521b'
System info: os.name: 'Windows 11', os.arch: 'amd64', os.version: '10.0', java.version: '17.0.8'
Driver info: org.openqa.selenium.chrome.ChromeDriver
Command: [ac9944cca4a1e1dc0e839285a9fce421, get {url=http://tutorialsninja.com/demo/index.php?}]
Capabilities {acceptInsecureCerts: false, browserName: chrome, browserVersion: 120.0.6099.110, chrome: {chromedriverVersion: 120.0.6099.71 (9729082fe617..., userDataDir: C:\Users\Darshil\AppData\Lo...}, fedcm:accounts: true, goog:chromeOptions: {debuggerAddress: localhost:52406}, networkConnectionEnabled: false, pageLoadStrategy: normal, platformName: windows, proxy: Proxy(), se:cdp: ws://localhost:52406/devtoo..., se:cdpVersion: 120.0.6099.110, setWindowRect: true, strictFileInteractability: false, timeouts: {implicit: 0, pageLoad: 300000, script: 30000}, unhandledPromptBehavior: dismiss and notify, webauthn:extension:credBlob: true, webauthn:extension:largeBlob: true, webauthn:extension:minPinLength: true, webauthn:extension:prf: true, webauthn:virtualAuthenticators: true}
Session ID: ac9944cca4a1e1dc0e839285a9fce421
	at java.base/jdk.internal.reflect.NativeConstructorAccessorImpl.newInstance0(Native Method)
	at java.base/jdk.internal.reflect.NativeConstructorAccessorImpl.newInstance(NativeConstructorAccessorImpl.java:77)
	at java.base/jdk.internal.reflect.DelegatingConstructorAccessorImpl.newInstance(DelegatingConstructorAccessorImpl.java:45)
	at java.base/java.lang.reflect.Constructor.newInstanceWithCaller(Constructor.java:499)
	at java.base/java.lang.reflect.Constructor.newInstance(Constructor.java:480)
	at org.openqa.selenium.remote.codec.w3c.W3CHttpResponseCodec.createException(W3CHttpResponseCodec.java:200)
	at org.openqa.selenium.remote.codec.w3c.W3CHttpResponseCodec.decode(W3CHttpResponseCodec.java:133)
	at org.openqa.selenium.remote.codec.w3c.W3CHttpResponseCodec.decode(W3CHttpResponseCodec.java:52)
	at org.openqa.selenium.remote.HttpCommandExecutor.execute(HttpCommandExecutor.java:191)
	at org.openqa.selenium.remote.service.DriverCommandExecutor.invokeExecute(DriverCommandExecutor.java:200)
	at org.openqa.selenium.remote.service.DriverCommandExecutor.execute(DriverCommandExecutor.java:175)
	at org.openqa.selenium.remote.RemoteWebDriver.execute(RemoteWebDriver.java:607)
	at org.openqa.selenium.remote.RemoteWebDriver.get(RemoteWebDriver.java:309)
	at com.tutorialsninja.browserfactory.ManageBrowser.selectBrowser(ManageBrowser.java:46)
	at com.tutorialsninja.steps.Hooks.setUp(Hooks.java:13)
</textarea>
      
      </div>
              </div>
              <div class="step skip-bg" title="com.tutorialsninja.steps.TopMenuTest.mouseHoverOnTabAndClick(java.lang.String)">
                <span>Given Mouse hover on Tab and click "Desktops"</span>
      <div>Step skipped
      </div>
              </div>
              <div class="step skip-bg" title="com.tutorialsninja.steps.TopMenuTest.selectmenuMethodAndPassTheMenu(java.lang.String)">
                <span>When selectMenu method and pass the menu "Show AllDesktops"</span>
      <div>Step skipped
      </div>
              </div>
              <div class="step skip-bg" title="com.tutorialsninja.steps.TopMenuTest.verifyTheText(java.lang.String)">
                <span>Then Verify the text "Desktops"</span>
      <div>Step skipped
      </div>
              </div>
              <div class="step pass-bg" title="AFTER">
                <span>com.tutorialsninja.steps.Hooks.tearDown(io.cucumber.java.Scenario)</span>
      <div>verifyUserShouldNavigateToDesktopsPageSuccessfully
          <div class="row mb-3"><div class="col-md-3">
<img data-featherlight='../screenshots/embedded8.png' src="../screenshots/embedded8.png">
    
    </div></div>
</div>
      <div>
      </div>
              </div>
          </div>
        </div>
  </div>
  <div class="card">
    <div class="card-header" role="tab">
      <div class="card-title">
        <div class="node" id="103"><span class="badge log fail-bg mr-2">Fail</span>verifyUserShouldNavigateToLaptopsAndNotebooksPageSuccessfully</div>
          <div class="status-avatar float-right mr-4">
            <i class="fa fa-paperclip"></i>
          </div>
      </div>
    </div>
        <div class="">
          <div class="card-body">
              <div class="step fail-bg" title="BEFORE">
                <span>com.tutorialsninja.steps.Hooks.setUp()</span>
      <div>
        <textarea disabled class="code-block">org.openqa.selenium.WebDriverException: unknown error: net::ERR_INTERNET_DISCONNECTED
  (Session info: chrome=120.0.6099.110)
Build info: version: '4.15.0', revision: '1d14b5521b'
System info: os.name: 'Windows 11', os.arch: 'amd64', os.version: '10.0', java.version: '17.0.8'
Driver info: org.openqa.selenium.chrome.ChromeDriver
Command: [dbff50a625f532918a16a27a87d8696b, get {url=http://tutorialsninja.com/demo/index.php?}]
Capabilities {acceptInsecureCerts: false, browserName: chrome, browserVersion: 120.0.6099.110, chrome: {chromedriverVersion: 120.0.6099.71 (9729082fe617..., userDataDir: C:\Users\Darshil\AppData\Lo...}, fedcm:accounts: true, goog:chromeOptions: {debuggerAddress: localhost:52418}, networkConnectionEnabled: false, pageLoadStrategy: normal, platformName: windows, proxy: Proxy(), se:cdp: ws://localhost:52418/devtoo..., se:cdpVersion: 120.0.6099.110, setWindowRect: true, strictFileInteractability: false, timeouts: {implicit: 0, pageLoad: 300000, script: 30000}, unhandledPromptBehavior: dismiss and notify, webauthn:extension:credBlob: true, webauthn:extension:largeBlob: true, webauthn:extension:minPinLength: true, webauthn:extension:prf: true, webauthn:virtualAuthenticators: true}
Session ID: dbff50a625f532918a16a27a87d8696b
	at java.base/jdk.internal.reflect.NativeConstructorAccessorImpl.newInstance0(Native Method)
	at java.base/jdk.internal.reflect.NativeConstructorAccessorImpl.newInstance(NativeConstructorAccessorImpl.java:77)
	at java.base/jdk.internal.reflect.DelegatingConstructorAccessorImpl.newInstance(DelegatingConstructorAccessorImpl.java:45)
	at java.base/java.lang.reflect.Constructor.newInstanceWithCaller(Constructor.java:499)
	at java.base/java.lang.reflect.Constructor.newInstance(Constructor.java:480)
	at org.openqa.selenium.remote.codec.w3c.W3CHttpResponseCodec.createException(W3CHttpResponseCodec.java:200)
	at org.openqa.selenium.remote.codec.w3c.W3CHttpResponseCodec.decode(W3CHttpResponseCodec.java:133)
	at org.openqa.selenium.remote.codec.w3c.W3CHttpResponseCodec.decode(W3CHttpResponseCodec.java:52)
	at org.openqa.selenium.remote.HttpCommandExecutor.execute(HttpCommandExecutor.java:191)
	at org.openqa.selenium.remote.service.DriverCommandExecutor.invokeExecute(DriverCommandExecutor.java:200)
	at org.openqa.selenium.remote.service.DriverCommandExecutor.execute(DriverCommandExecutor.java:175)
	at org.openqa.selenium.remote.RemoteWebDriver.execute(RemoteWebDriver.java:607)
	at org.openqa.selenium.remote.RemoteWebDriver.get(RemoteWebDriver.java:309)
	at com.tutorialsninja.browserfactory.ManageBrowser.selectBrowser(ManageBrowser.java:46)
	at com.tutorialsninja.steps.Hooks.setUp(Hooks.java:13)
</textarea>
      
      </div>
              </div>
              <div class="step skip-bg" title="com.tutorialsninja.steps.TopMenuTest.mouseHoverOnTabAndClick(java.lang.String)">
                <span>Given Mouse hover on Tab and click "Laptops & Notebooks"</span>
      <div>Step skipped
      </div>
              </div>
              <div class="step skip-bg" title="com.tutorialsninja.steps.TopMenuTest.selectmenuMethodAndPassTheMenu(java.lang.String)">
                <span>When selectMenu method and pass the menu "Show AllLaptops & Notebooks"</span>
      <div>Step skipped
      </div>
              </div>
              <div class="step skip-bg" title="com.tutorialsninja.steps.TopMenuTest.verifyTheText(java.lang.String)">
                <span>Then Verify the text "Laptops & Notebooks"</span>
      <div>Step skipped
      </div>
              </div>
              <div class="step pass-bg" title="AFTER">
                <span>com.tutorialsninja.steps.Hooks.tearDown(io.cucumber.java.Scenario)</span>
      <div>verifyUserShouldNavigateToLaptopsAndNotebooksPageSuccessfully
          <div class="row mb-3"><div class="col-md-3">
<img data-featherlight='../screenshots/embedded9.png' src="../screenshots/embedded9.png">
    
    </div></div>
</div>
      <div>
      </div>
              </div>
          </div>
        </div>
  </div>
  <div class="card">
    <div class="card-header" role="tab">
      <div class="card-title">
        <div class="node" id="109"><span class="badge log fail-bg mr-2">Fail</span>verifyUserShouldNavigateToComponentsPageSuccessfully</div>
          <div class="status-avatar float-right mr-4">
            <i class="fa fa-paperclip"></i>
          </div>
      </div>
    </div>
        <div class="">
          <div class="card-body">
              <div class="step fail-bg" title="BEFORE">
                <span>com.tutorialsninja.steps.Hooks.setUp()</span>
      <div>
        <textarea disabled class="code-block">org.openqa.selenium.WebDriverException: unknown error: net::ERR_INTERNET_DISCONNECTED
  (Session info: chrome=120.0.6099.110)
Build info: version: '4.15.0', revision: '1d14b5521b'
System info: os.name: 'Windows 11', os.arch: 'amd64', os.version: '10.0', java.version: '17.0.8'
Driver info: org.openqa.selenium.chrome.ChromeDriver
Command: [1f946c991d69d2e884403d9f96b5d42b, get {url=http://tutorialsninja.com/demo/index.php?}]
Capabilities {acceptInsecureCerts: false, browserName: chrome, browserVersion: 120.0.6099.110, chrome: {chromedriverVersion: 120.0.6099.71 (9729082fe617..., userDataDir: C:\Users\Darshil\AppData\Lo...}, fedcm:accounts: true, goog:chromeOptions: {debuggerAddress: localhost:52430}, networkConnectionEnabled: false, pageLoadStrategy: normal, platformName: windows, proxy: Proxy(), se:cdp: ws://localhost:52430/devtoo..., se:cdpVersion: 120.0.6099.110, setWindowRect: true, strictFileInteractability: false, timeouts: {implicit: 0, pageLoad: 300000, script: 30000}, unhandledPromptBehavior: dismiss and notify, webauthn:extension:credBlob: true, webauthn:extension:largeBlob: true, webauthn:extension:minPinLength: true, webauthn:extension:prf: true, webauthn:virtualAuthenticators: true}
Session ID: 1f946c991d69d2e884403d9f96b5d42b
	at java.base/jdk.internal.reflect.NativeConstructorAccessorImpl.newInstance0(Native Method)
	at java.base/jdk.internal.reflect.NativeConstructorAccessorImpl.newInstance(NativeConstructorAccessorImpl.java:77)
	at java.base/jdk.internal.reflect.DelegatingConstructorAccessorImpl.newInstance(DelegatingConstructorAccessorImpl.java:45)
	at java.base/java.lang.reflect.Constructor.newInstanceWithCaller(Constructor.java:499)
	at java.base/java.lang.reflect.Constructor.newInstance(Constructor.java:480)
	at org.openqa.selenium.remote.codec.w3c.W3CHttpResponseCodec.createException(W3CHttpResponseCodec.java:200)
	at org.openqa.selenium.remote.codec.w3c.W3CHttpResponseCodec.decode(W3CHttpResponseCodec.java:133)
	at org.openqa.selenium.remote.codec.w3c.W3CHttpResponseCodec.decode(W3CHttpResponseCodec.java:52)
	at org.openqa.selenium.remote.HttpCommandExecutor.execute(HttpCommandExecutor.java:191)
	at org.openqa.selenium.remote.service.DriverCommandExecutor.invokeExecute(DriverCommandExecutor.java:200)
	at org.openqa.selenium.remote.service.DriverCommandExecutor.execute(DriverCommandExecutor.java:175)
	at org.openqa.selenium.remote.RemoteWebDriver.execute(RemoteWebDriver.java:607)
	at org.openqa.selenium.remote.RemoteWebDriver.get(RemoteWebDriver.java:309)
	at com.tutorialsninja.browserfactory.ManageBrowser.selectBrowser(ManageBrowser.java:46)
	at com.tutorialsninja.steps.Hooks.setUp(Hooks.java:13)
</textarea>
      
      </div>
              </div>
              <div class="step skip-bg" title="com.tutorialsninja.steps.TopMenuTest.mouseHoverOnTabAndClick(java.lang.String)">
                <span>Given Mouse hover on Tab and click "Components"</span>
      <div>Step skipped
      </div>
              </div>
              <div class="step skip-bg" title="com.tutorialsninja.steps.TopMenuTest.selectmenuMethodAndPassTheMenu(java.lang.String)">
                <span>When selectMenu method and pass the menu "Show AllComponents"</span>
      <div>Step skipped
      </div>
              </div>
              <div class="step skip-bg" title="com.tutorialsninja.steps.TopMenuTest.verifyTheText(java.lang.String)">
                <span>Then Verify the text "Components"</span>
      <div>Step skipped
      </div>
              </div>
              <div class="step pass-bg" title="AFTER">
                <span>com.tutorialsninja.steps.Hooks.tearDown(io.cucumber.java.Scenario)</span>
      <div>verifyUserShouldNavigateToComponentsPageSuccessfully
          <div class="row mb-3"><div class="col-md-3">
<img data-featherlight='../screenshots/embedded10.png' src="../screenshots/embedded10.png">
    
    </div></div>
</div>
      <div>
      </div>
              </div>
          </div>
        </div>
  </div>
</div>
          </div>
        </li>
      </ul>
    </div>
  </div>
<div class="test-content scrollable">
<div class="test-content-tools">
<ul><li><a class="back-to-test" href="#"><i class="fa fa-arrow-left"></i></a></li></ul>
</div>
<div class="test-content-detail"><div class="detail-body"></div></div>
</div></div>
<div class="test-wrapper row view category-view attributes-view">
<div class="test-list">
<div class="test-list-tools">
<ul class="tools pull-left"><li><a href=""><span class="font-size-14">Category</span></a></li></ul>
<ul class="tools text-right"><li><a href="#"><span class="badge badge-primary">4</span></a></li></ul>
</div>
<div class="test-list-wrapper scrollable">
<ul class="test-list-item">
<li class="test-item">
<div class="test-detail">
<span class="meta">
<span class='badge log badge-danger'>3</span>
</span>
<p class="name">@author_Darshil</p>
<p class="duration text-sm">3 tests</p>
</div>
<div class="test-contents d-none">
<div class="info">
<h4>@author_Darshil</h4>
<span status="fail" class='badge log badge-danger'>3 failed</span>
</div>
<table class='table table-sm mt-4'>
<thead>
<tr>
<th class="status-col">Status</th>
<th class="timestamp-col">Timestamp</th>
<th>TestName</th>
</tr>
</thead>
<tbody>
<tr class="tag-test-status" status="fail">
<td><span class="badge log fail-bg">Fail</span></td>
<td>18:31:25 p.m.</td>
<td>
<a href="#" class="linked" test-id='46' id='47'>Verify User Should Navigate To Register Page Successfully</a>
<div class="">
<span class="badge badge-default">My Account Test.Verify User Should Navigate To Register Page Successfully</span>
</div>
</td>
</tr>
<tr class="tag-test-status" status="fail">
<td><span class="badge log fail-bg">Fail</span></td>
<td>18:31:27 p.m.</td>
<td>
<a href="#" class="linked" test-id='46' id='54'>Verify User Should Navigate To LoginPage Successfully</a>
<div class="">
<span class="badge badge-default">My Account Test.Verify User Should Navigate To LoginPage Successfully</span>
</div>
</td>
</tr>
<tr class="tag-test-status" status="fail">
<td><span class="badge log fail-bg">Fail</span></td>
<td>18:31:28 p.m.</td>
<td>
<a href="#" class="linked" test-id='46' id='61'>Verify That User Register Account Successfully</a>
<div class="">
<span class="badge badge-default">My Account Test.Verify That User Register Account Successfully</span>
</div>
</td>
</tr>
</tbody>
</table>
</div>
</li>
<li class="test-item">
<div class="test-detail">
<span class="meta">
<span class='badge log badge-danger'>3</span>
</span>
<p class="name">@sanity</p>
<p class="duration text-sm">3 tests</p>
</div>
<div class="test-contents d-none">
<div class="info">
<h4>@sanity</h4>
<span status="fail" class='badge log badge-danger'>3 failed</span>
</div>
<table class='table table-sm mt-4'>
<thead>
<tr>
<th class="status-col">Status</th>
<th class="timestamp-col">Timestamp</th>
<th>TestName</th>
</tr>
</thead>
<tbody>
<tr class="tag-test-status" status="fail">
<td><span class="badge log fail-bg">Fail</span></td>
<td>18:31:21 p.m.</td>
<td>
<a href="#" class="linked" test-id='1' id='2'>verifyProductsPriceDisplayHighToLowSuccessfully</a>
<div class="">
<span class="badge badge-default">verifyProductsPriceDisplayHighToLowSuccessfully.verifyProductsPriceDisplayHighToLowSuccessfully</span>
</div>
</td>
</tr>
<tr class="tag-test-status" status="fail">
<td><span class="badge log fail-bg">Fail</span></td>
<td>18:31:24 p.m.</td>
<td>
<a href="#" class="linked" test-id='18' id='19'>verifyThatUserPlaceOrderSuccessfully</a>
<div class="">
<span class="badge badge-default">verifyThatUserPlaceOrderSuccessfully.verifyThatUserPlaceOrderSuccessfully</span>
</div>
</td>
</tr>
<tr class="tag-test-status" status="fail">
<td><span class="badge log fail-bg">Fail</span></td>
<td>18:31:25 p.m.</td>
<td>
<a href="#" class="linked" test-id='46' id='47'>Verify User Should Navigate To Register Page Successfully</a>
<div class="">
<span class="badge badge-default">My Account Test.Verify User Should Navigate To Register Page Successfully</span>
</div>
</td>
</tr>
</tbody>
</table>
</div>
</li>
<li class="test-item">
<div class="test-detail">
<span class="meta">
<span class='badge log badge-danger'>6</span>
</span>
<p class="name">@regression</p>
<p class="duration text-sm">6 tests</p>
</div>
<div class="test-contents d-none">
<div class="info">
<h4>@regression</h4>
<span status="fail" class='badge log badge-danger'>6 failed</span>
</div>
<table class='table table-sm mt-4'>
<thead>
<tr>
<th class="status-col">Status</th>
<th class="timestamp-col">Timestamp</th>
<th>TestName</th>
</tr>
</thead>
<tbody>
<tr class="tag-test-status" status="fail">
<td><span class="badge log fail-bg">Fail</span></td>
<td>18:31:21 p.m.</td>
<td>
<a href="#" class="linked" test-id='1' id='2'>verifyProductsPriceDisplayHighToLowSuccessfully</a>
<div class="">
<span class="badge badge-default">verifyProductsPriceDisplayHighToLowSuccessfully.verifyProductsPriceDisplayHighToLowSuccessfully</span>
</div>
</td>
</tr>
<tr class="tag-test-status" status="fail">
<td><span class="badge log fail-bg">Fail</span></td>
<td>18:31:24 p.m.</td>
<td>
<a href="#" class="linked" test-id='18' id='19'>verifyThatUserPlaceOrderSuccessfully</a>
<div class="">
<span class="badge badge-default">verifyThatUserPlaceOrderSuccessfully.verifyThatUserPlaceOrderSuccessfully</span>
</div>
</td>
</tr>
<tr class="tag-test-status" status="fail">
<td><span class="badge log fail-bg">Fail</span></td>
<td>18:31:25 p.m.</td>
<td>
<a href="#" class="linked" test-id='46' id='47'>Verify User Should Navigate To Register Page Successfully</a>
<div class="">
<span class="badge badge-default">My Account Test.Verify User Should Navigate To Register Page Successfully</span>
</div>
</td>
</tr>
<tr class="tag-test-status" status="fail">
<td><span class="badge log fail-bg">Fail</span></td>
<td>18:31:27 p.m.</td>
<td>
<a href="#" class="linked" test-id='46' id='54'>Verify User Should Navigate To LoginPage Successfully</a>
<div class="">
<span class="badge badge-default">My Account Test.Verify User Should Navigate To LoginPage Successfully</span>
</div>
</td>
</tr>
<tr class="tag-test-status" status="fail">
<td><span class="badge log fail-bg">Fail</span></td>
<td>18:31:28 p.m.</td>
<td>
<a href="#" class="linked" test-id='46' id='61'>Verify That User Register Account Successfully</a>
<div class="">
<span class="badge badge-default">My Account Test.Verify That User Register Account Successfully</span>
</div>
</td>
</tr>
<tr class="tag-test-status" status="fail">
<td><span class="badge log fail-bg">Fail</span></td>
<td>18:31:29 p.m.</td>
<td>
<a href="#" class="linked" test-id='46' id='82'>Verify That User Should Login And Logout</a>
<div class="">
<span class="badge badge-default">My Account Test.Verify That User Should Login And Logout</span>
</div>
</td>
</tr>
</tbody>
</table>
</div>
</li>
<li class="test-item">
<div class="test-detail">
<span class="meta">
<span class='badge log badge-danger'>4</span>
</span>
<p class="name">@smoke</p>
<p class="duration text-sm">4 tests</p>
</div>
<div class="test-contents d-none">
<div class="info">
<h4>@smoke</h4>
<span status="fail" class='badge log badge-danger'>4 failed</span>
</div>
<table class='table table-sm mt-4'>
<thead>
<tr>
<th class="status-col">Status</th>
<th class="timestamp-col">Timestamp</th>
<th>TestName</th>
</tr>
</thead>
<tbody>
<tr class="tag-test-status" status="fail">
<td><span class="badge log fail-bg">Fail</span></td>
<td>18:31:21 p.m.</td>
<td>
<a href="#" class="linked" test-id='1' id='2'>verifyProductsPriceDisplayHighToLowSuccessfully</a>
<div class="">
<span class="badge badge-default">verifyProductsPriceDisplayHighToLowSuccessfully.verifyProductsPriceDisplayHighToLowSuccessfully</span>
</div>
</td>
</tr>
<tr class="tag-test-status" status="fail">
<td><span class="badge log fail-bg">Fail</span></td>
<td>18:31:24 p.m.</td>
<td>
<a href="#" class="linked" test-id='18' id='19'>verifyThatUserPlaceOrderSuccessfully</a>
<div class="">
<span class="badge badge-default">verifyThatUserPlaceOrderSuccessfully.verifyThatUserPlaceOrderSuccessfully</span>
</div>
</td>
</tr>
<tr class="tag-test-status" status="fail">
<td><span class="badge log fail-bg">Fail</span></td>
<td>18:31:25 p.m.</td>
<td>
<a href="#" class="linked" test-id='46' id='47'>Verify User Should Navigate To Register Page Successfully</a>
<div class="">
<span class="badge badge-default">My Account Test.Verify User Should Navigate To Register Page Successfully</span>
</div>
</td>
</tr>
<tr class="tag-test-status" status="fail">
<td><span class="badge log fail-bg">Fail</span></td>
<td>18:31:27 p.m.</td>
<td>
<a href="#" class="linked" test-id='46' id='54'>Verify User Should Navigate To LoginPage Successfully</a>
<div class="">
<span class="badge badge-default">My Account Test.Verify User Should Navigate To LoginPage Successfully</span>
</div>
</td>
</tr>
</tbody>
</table>
</div>
</li>
</ul>
</div>
</div>
<div class="test-content scrollable">
<div class="test-content-detail">
<div class="detail-body"></div>
</div>
</div>
</div><div class="test-wrapper row view exception-view attributes-view">
<div class="test-list">
<div class="test-list-tools">
<ul class="tools pull-left"><li><a href=""><span class="font-size-14">Exception</span></a></li></ul>
<ul class="tools text-right"><li><a href="#"><span class="badge badge-primary">1</span></a></li></ul>
</div>
<div class="test-list-wrapper scrollable">
<ul class="test-list-item">
<li class="test-item">
<div class="test-detail">
<span class="meta">
<span class='badge log badge-danger'>10</span>
</span>
<p class="name">org.openqa.selenium.WebDriverException</p>
<p class="duration text-sm">10 tests</p>
</div>
<div class="test-contents d-none">
<div class="info">
<h4>org.openqa.selenium.WebDriverException</h4>
<span status="fail" class='badge log badge-danger'>10 failed</span>
</div>
<table class='table table-sm mt-4'>
<thead>
<tr>
<th class="status-col">Status</th>
<th class="timestamp-col">Timestamp</th>
<th>TestName</th>
</tr>
</thead>
<tbody>
<tr class="tag-test-status" status="fail">
<td><span class="badge log fail-bg">Fail</span></td>
<td>18:31:21 p.m.</td>
<td>
<a href="#" class="linked" test-id='1' id='3'>com.tutorialsninja.steps.Hooks.setUp()</a>
<div class="">
<span class="badge badge-default">verifyProductsPriceDisplayHighToLowSuccessfully.verifyProductsPriceDisplayHighToLowSuccessfully.com.tutorialsninja.steps.Hooks.setUp()</span>
</div>
</td>
</tr>
<tr class="tag-test-status" status="fail">
<td><span class="badge log fail-bg">Fail</span></td>
<td>18:31:23 p.m.</td>
<td>
<a href="#" class="linked" test-id='9' id='11'>com.tutorialsninja.steps.Hooks.setUp()</a>
<div class="">
<span class="badge badge-default">verifyProductArrangeInAlphaBaticalOrder.verify Product Arrange In AlphaBatical Order.com.tutorialsninja.steps.Hooks.setUp()</span>
</div>
</td>
</tr>
<tr class="tag-test-status" status="fail">
<td><span class="badge log fail-bg">Fail</span></td>
<td>18:31:24 p.m.</td>
<td>
<a href="#" class="linked" test-id='18' id='20'>com.tutorialsninja.steps.Hooks.setUp()</a>
<div class="">
<span class="badge badge-default">verifyThatUserPlaceOrderSuccessfully.verifyThatUserPlaceOrderSuccessfully.com.tutorialsninja.steps.Hooks.setUp()</span>
</div>
</td>
</tr>
<tr class="tag-test-status" status="fail">
<td><span class="badge log fail-bg">Fail</span></td>
<td>18:31:25 p.m.</td>
<td>
<a href="#" class="linked" test-id='46' id='48'>com.tutorialsninja.steps.Hooks.setUp()</a>
<div class="">
<span class="badge badge-default">My Account Test.Verify User Should Navigate To Register Page Successfully.com.tutorialsninja.steps.Hooks.setUp()</span>
</div>
</td>
</tr>
<tr class="tag-test-status" status="fail">
<td><span class="badge log fail-bg">Fail</span></td>
<td>18:31:27 p.m.</td>
<td>
<a href="#" class="linked" test-id='46' id='55'>com.tutorialsninja.steps.Hooks.setUp()</a>
<div class="">
<span class="badge badge-default">My Account Test.Verify User Should Navigate To LoginPage Successfully.com.tutorialsninja.steps.Hooks.setUp()</span>
</div>
</td>
</tr>
<tr class="tag-test-status" status="fail">
<td><span class="badge log fail-bg">Fail</span></td>
<td>18:31:28 p.m.</td>
<td>
<a href="#" class="linked" test-id='46' id='62'>com.tutorialsninja.steps.Hooks.setUp()</a>
<div class="">
<span class="badge badge-default">My Account Test.Verify That User Register Account Successfully.com.tutorialsninja.steps.Hooks.setUp()</span>
</div>
</td>
</tr>
<tr class="tag-test-status" status="fail">
<td><span class="badge log fail-bg">Fail</span></td>
<td>18:31:29 p.m.</td>
<td>
<a href="#" class="linked" test-id='46' id='83'>com.tutorialsninja.steps.Hooks.setUp()</a>
<div class="">
<span class="badge badge-default">My Account Test.Verify That User Should Login And Logout.com.tutorialsninja.steps.Hooks.setUp()</span>
</div>
</td>
</tr>
<tr class="tag-test-status" status="fail">
<td><span class="badge log fail-bg">Fail</span></td>
<td>18:31:30 p.m.</td>
<td>
<a href="#" class="linked" test-id='96' id='98'>com.tutorialsninja.steps.Hooks.setUp()</a>
<div class="">
<span class="badge badge-default">Top menu Test.verifyUserShouldNavigateToDesktopsPageSuccessfully.com.tutorialsninja.steps.Hooks.setUp()</span>
</div>
</td>
</tr>
<tr class="tag-test-status" status="fail">
<td><span class="badge log fail-bg">Fail</span></td>
<td>18:31:31 p.m.</td>
<td>
<a href="#" class="linked" test-id='96' id='104'>com.tutorialsninja.steps.Hooks.setUp()</a>
<div class="">
<span class="badge badge-default">Top menu Test.verifyUserShouldNavigateToLaptopsAndNotebooksPageSuccessfully.com.tutorialsninja.steps.Hooks.setUp()</span>
</div>
</td>
</tr>
<tr class="tag-test-status" status="fail">
<td><span class="badge log fail-bg">Fail</span></td>
<td>18:31:32 p.m.</td>
<td>
<a href="#" class="linked" test-id='96' id='110'>com.tutorialsninja.steps.Hooks.setUp()</a>
<div class="">
<span class="badge badge-default">Top menu Test.verifyUserShouldNavigateToComponentsPageSuccessfully.com.tutorialsninja.steps.Hooks.setUp()</span>
</div>
</td>
</tr>
</tbody>
</table>
</div>
</li>
</ul>
</div>
</div>
<div class="test-content scrollable">
<div class="test-content-detail">
<div class="detail-body"></div>
</div>
</div>
</div>        </div>
      </div>
    </div>
  </div>
<script src="https://cdn.jsdelivr.net/gh/extent-framework/extent-github-cdn@d6562a79075e061305ccfdb82f01e5e195e2d307/spark/js/spark-script.js"></script>
<script type="text/javascript"></script></body>
</html>